*** Using Compiler 'V5.06 update 7 (build 960)', folder: 'D:\APP\Keil_STM32\ARM\ARMCC\Bin'
Rebuild target 'XK01_V1.0'
assembling startup_stm32f103xe.s...
compiling adc.c...
../Core/Inc/adc.h(30): error:  #5: cannot open source input file "sys.h": No such file or directory
  #include "sys.h"
../Core/Src/adc.c: 0 warnings, 1 error
compiling main.c...
../Core/Inc/adc.h(30): error:  #5: cannot open source input file "sys.h": No such file or directory
  #include "sys.h"
../Core/Src/main.c: 0 warnings, 1 error
compiling stm32f1xx_hal_msp.c...
compiling stm32f1xx_it.c...
compiling usart.c...
compiling gpio.c...
compiling spi.c...
compiling stm32f1xx_hal_gpio.c...
compiling stm32f1xx_hal_rcc_ex.c...
compiling tim.c...
compiling stm32f1xx_hal_gpio_ex.c...
compiling stm32f1xx_hal.c...
compiling stm32f1xx_hal_adc_ex.c...
compiling ST7789V2.c...
compiling stm32f1xx_hal_adc.c...
compiling GUI.c...
compiling stm32f1xx_hal_rcc.c...
compiling display.c...
compiling stm32f1xx_hal_cortex.c...
compiling stm32f1xx_hal_dma.c...
compiling stm32f1xx_hal_exti.c...
compiling stm32f1xx_hal_flash.c...
compiling stm32f1xx_hal_flash_ex.c...
compiling system_stm32f1xx.c...
compiling stm32f1xx_hal_pwr.c...
compiling stm32f1xx_hal_spi.c...
compiling stm32f1xx_hal_uart.c...
compiling stm32f1xx_hal_tim_ex.c...
compiling stm32f1xx_hal_tim.c...
"..\Output\XK01_V1.0" - 2 Error(s), 0 Warning(s).
Target not created.
Build Time Elapsed:  00:00:03
